This file contains any messages produced by compilers while
running configure, to aid debugging if configure makes a mistake.

It was created by QjackMMC configure 4, which was
generated by GNU Autoconf 2.68.  Invocation command line was

  $ ./configure --enable-cli=no

## --------- ##
## Platform. ##
## --------- ##

hostname = emils-desktop
uname -m = x86_64
uname -r = 5.0.0-36-lowlatency
uname -s = Linux
uname -v = #39~18.04.1-Ubuntu SMP PREEMPT Tue Nov 12 11:56:26 UTC 2019

/usr/bin/uname -p = unknown
/bin/uname -X     = unknown

/bin/arch              = unknown
/usr/bin/arch -k       = unknown
/usr/convex/getsysinfo = unknown
/usr/bin/hostinfo      = unknown
/bin/machine           = unknown
/usr/bin/oslevel       = unknown
/bin/universe          = unknown

PATH: /usr/local/sbin
PATH: /usr/local/bin
PATH: /usr/sbin
PATH: /usr/bin
PATH: /sbin
PATH: /bin
PATH: /usr/games
PATH: /usr/local/games
PATH: /snap/bin


## ----------- ##
## Core tests. ##
## ----------- ##

configure:2366: checking for pkg-config
configure:2384: found /usr/bin/pkg-config
configure:2397: result: /usr/bin/pkg-config
configure:2509: checking for g++
configure:2525: found /usr/bin/g++
configure:2536: result: g++
configure:2563: checking for C++ compiler version
configure:2572: g++ --version >&5
g++ (Ubuntu 7.4.0-1ubuntu1~18.04.1) 7.4.0
Copyright (C) 2017 Free Software Foundation, Inc.
This is free software; see the source for copying conditions.  There is NO
warranty; not even for MERCHANTABILITY or FITNESS FOR A PARTICULAR PURPOSE.

configure:2583: $? = 0
configure:2572: g++ -v >&5
Using built-in specs.
COLLECT_GCC=g++
COLLECT_LTO_WRAPPER=/usr/lib/gcc/x86_64-linux-gnu/7/lto-wrapper
OFFLOAD_TARGET_NAMES=nvptx-none
OFFLOAD_TARGET_DEFAULT=1
Target: x86_64-linux-gnu
Configured with: ../src/configure -v --with-pkgversion='Ubuntu 7.4.0-1ubuntu1~18.04.1' --with-bugurl=file:///usr/share/doc/gcc-7/README.Bugs --enable-languages=c,ada,c++,go,brig,d,fortran,objc,obj-c++ --prefix=/usr --with-gcc-major-version-only --program-suffix=-7 --program-prefix=x86_64-linux-gnu- --enable-shared --enable-linker-build-id --libexecdir=/usr/lib --without-included-gettext --enable-threads=posix --libdir=/usr/lib --enable-nls --with-sysroot=/ --enable-clocale=gnu --enable-libstdcxx-debug --enable-libstdcxx-time=yes --with-default-libstdcxx-abi=new --enable-gnu-unique-object --disable-vtable-verify --enable-libmpx --enable-plugin --enable-default-pie --with-system-zlib --with-target-system-zlib --enable-objc-gc=auto --enable-multiarch --disable-werror --with-arch-32=i686 --with-abi=m64 --with-multilib-list=m32,m64,mx32 --enable-multilib --with-tune=generic --enable-offload-targets=nvptx-none --without-cuda-driver --enable-checking=release --build=x86_64-linux-gnu --host=x86_64-linux-gnu --target=x86_64-linux-gnu
Thread model: posix
gcc version 7.4.0 (Ubuntu 7.4.0-1ubuntu1~18.04.1) 
configure:2583: $? = 0
configure:2572: g++ -V >&5
g++: error: unrecognized command line option '-V'
g++: fatal error: no input files
compilation terminated.
configure:2583: $? = 1
configure:2572: g++ -qversion >&5
g++: error: unrecognized command line option '-qversion'; did you mean '--version'?
g++: fatal error: no input files
compilation terminated.
configure:2583: $? = 1
configure:2603: checking whether the C++ compiler works
configure:2625: g++    conftest.cpp  >&5
configure:2629: $? = 0
configure:2677: result: yes
configure:2680: checking for C++ compiler default output file name
configure:2682: result: a.out
configure:2688: checking for suffix of executables
configure:2695: g++ -o conftest    conftest.cpp  >&5
configure:2699: $? = 0
configure:2721: result: 
configure:2743: checking whether we are cross compiling
configure:2751: g++ -o conftest    conftest.cpp  >&5
configure:2755: $? = 0
configure:2762: ./conftest
configure:2766: $? = 0
configure:2781: result: no
configure:2786: checking for suffix of object files
configure:2808: g++ -c   conftest.cpp >&5
configure:2812: $? = 0
configure:2833: result: o
configure:2837: checking whether we are using the GNU C++ compiler
configure:2856: g++ -c   conftest.cpp >&5
configure:2856: $? = 0
configure:2865: result: yes
configure:2874: checking whether g++ accepts -g
configure:2894: g++ -c -g  conftest.cpp >&5
configure:2894: $? = 0
configure:2935: result: yes
configure:3006: checking for gcc
configure:3022: found /usr/bin/gcc
configure:3033: result: gcc
configure:3262: checking for C compiler version
configure:3271: gcc --version >&5
gcc (Ubuntu 7.4.0-1ubuntu1~18.04.1) 7.4.0
Copyright (C) 2017 Free Software Foundation, Inc.
This is free software; see the source for copying conditions.  There is NO
warranty; not even for MERCHANTABILITY or FITNESS FOR A PARTICULAR PURPOSE.

configure:3282: $? = 0
configure:3271: gcc -v >&5
Using built-in specs.
COLLECT_GCC=gcc
COLLECT_LTO_WRAPPER=/usr/lib/gcc/x86_64-linux-gnu/7/lto-wrapper
OFFLOAD_TARGET_NAMES=nvptx-none
OFFLOAD_TARGET_DEFAULT=1
Target: x86_64-linux-gnu
Configured with: ../src/configure -v --with-pkgversion='Ubuntu 7.4.0-1ubuntu1~18.04.1' --with-bugurl=file:///usr/share/doc/gcc-7/README.Bugs --enable-languages=c,ada,c++,go,brig,d,fortran,objc,obj-c++ --prefix=/usr --with-gcc-major-version-only --program-suffix=-7 --program-prefix=x86_64-linux-gnu- --enable-shared --enable-linker-build-id --libexecdir=/usr/lib --without-included-gettext --enable-threads=posix --libdir=/usr/lib --enable-nls --with-sysroot=/ --enable-clocale=gnu --enable-libstdcxx-debug --enable-libstdcxx-time=yes --with-default-libstdcxx-abi=new --enable-gnu-unique-object --disable-vtable-verify --enable-libmpx --enable-plugin --enable-default-pie --with-system-zlib --with-target-system-zlib --enable-objc-gc=auto --enable-multiarch --disable-werror --with-arch-32=i686 --with-abi=m64 --with-multilib-list=m32,m64,mx32 --enable-multilib --with-tune=generic --enable-offload-targets=nvptx-none --without-cuda-driver --enable-checking=release --build=x86_64-linux-gnu --host=x86_64-linux-gnu --target=x86_64-linux-gnu
Thread model: posix
gcc version 7.4.0 (Ubuntu 7.4.0-1ubuntu1~18.04.1) 
configure:3282: $? = 0
configure:3271: gcc -V >&5
gcc: error: unrecognized command line option '-V'
gcc: fatal error: no input files
compilation terminated.
configure:3282: $? = 1
configure:3271: gcc -qversion >&5
gcc: error: unrecognized command line option '-qversion'; did you mean '--version'?
gcc: fatal error: no input files
compilation terminated.
configure:3282: $? = 1
configure:3286: checking whether we are using the GNU C compiler
configure:3305: gcc -c   conftest.c >&5
configure:3305: $? = 0
configure:3314: result: yes
configure:3323: checking whether gcc accepts -g
configure:3343: gcc -c -g  conftest.c >&5
configure:3343: $? = 0
configure:3384: result: yes
configure:3401: checking for gcc option to accept ISO C89
configure:3465: gcc  -c -g -O2  conftest.c >&5
configure:3465: $? = 0
configure:3478: result: none needed
configure:3498: checking whether ln -s works
configure:3502: result: yes
configure:3509: checking whether make sets $(MAKE)
configure:3531: result: yes
configure:3583: checking for a BSD-compatible install
configure:3651: result: /usr/bin/install -c
configure:3803: checking pkg-config is at least version 0.9.0
configure:3806: result: yes
configure:3818: checking for REQUIREDPKGS
configure:3825: $PKG_CONFIG --exists --print-errors "jack >= 0.99.0 alsa >= 1.0.0"
configure:3828: $? = 0
configure:3841: $PKG_CONFIG --exists --print-errors "jack >= 0.99.0 alsa >= 1.0.0"
configure:3844: $? = 0
configure:3901: result: yes
configure:3913: checking for QT_UP_TO_DATE
configure:3920: $PKG_CONFIG --exists --print-errors "QtCore >= 4.4"
configure:3923: $? = 0
configure:3936: $PKG_CONFIG --exists --print-errors "QtCore >= 4.4"
configure:3939: $? = 0
configure:3976: result: yes
configure:3987: checking for qmake
configure:4005: found /usr/share/qt4/bin/qmake
configure:4018: result: /usr/share/qt4/bin/qmake
configure:4036: checking for moc
configure:4054: found /usr/share/qt4/bin/moc
configure:4067: result: /usr/share/qt4/bin/moc
configure:4085: checking for uic
configure:4103: found /usr/share/qt4/bin/uic
configure:4116: result: /usr/share/qt4/bin/uic
configure:4175: checking how to run the C++ preprocessor
configure:4202: g++ -E  conftest.cpp
configure:4202: $? = 0
configure:4216: g++ -E  conftest.cpp
conftest.cpp:12:10: fatal error: ac_nonexistent.h: No such file or directory
 #include <ac_nonexistent.h>
          ^~~~~~~~~~~~~~~~~~
compilation terminated.
configure:4216: $? = 1
configure: failed program was:
| /* confdefs.h */
| #define PACKAGE_NAME "QjackMMC"
| #define PACKAGE_TARNAME "qjackmmc"
| #define PACKAGE_VERSION "4"
| #define PACKAGE_STRING "QjackMMC 4"
| #define PACKAGE_BUGREPORT "apmontgo@users.sourceforge.net"
| #define PACKAGE_URL ""
| #define CONFIG_PREFIX "/usr/local"
| #define ICON_DIR "/usr/local/share/pixmaps"
| #define ENABLE_QJACKMMC 1
| /* end confdefs.h.  */
| #include <ac_nonexistent.h>
configure:4241: result: g++ -E
configure:4261: g++ -E  conftest.cpp
configure:4261: $? = 0
configure:4275: g++ -E  conftest.cpp
conftest.cpp:12:10: fatal error: ac_nonexistent.h: No such file or directory
 #include <ac_nonexistent.h>
          ^~~~~~~~~~~~~~~~~~
compilation terminated.
configure:4275: $? = 1
configure: failed program was:
| /* confdefs.h */
| #define PACKAGE_NAME "QjackMMC"
| #define PACKAGE_TARNAME "qjackmmc"
| #define PACKAGE_VERSION "4"
| #define PACKAGE_STRING "QjackMMC 4"
| #define PACKAGE_BUGREPORT "apmontgo@users.sourceforge.net"
| #define PACKAGE_URL ""
| #define CONFIG_PREFIX "/usr/local"
| #define ICON_DIR "/usr/local/share/pixmaps"
| #define ENABLE_QJACKMMC 1
| /* end confdefs.h.  */
| #include <ac_nonexistent.h>
configure:4304: checking for grep that handles long lines and -e
configure:4362: result: /bin/grep
configure:4367: checking for egrep
configure:4429: result: /bin/grep -E
configure:4434: checking for ANSI C header files
configure:4454: g++ -c -g -O2  conftest.cpp >&5
configure:4454: $? = 0
configure:4527: g++ -o conftest -g -O2   conftest.cpp  >&5
configure:4527: $? = 0
configure:4527: ./conftest
configure:4527: $? = 0
configure:4538: result: yes
configure:4551: checking for sys/types.h
configure:4551: g++ -c -g -O2  conftest.cpp >&5
configure:4551: $? = 0
configure:4551: result: yes
configure:4551: checking for sys/stat.h
configure:4551: g++ -c -g -O2  conftest.cpp >&5
configure:4551: $? = 0
configure:4551: result: yes
configure:4551: checking for stdlib.h
configure:4551: g++ -c -g -O2  conftest.cpp >&5
configure:4551: $? = 0
configure:4551: result: yes
configure:4551: checking for string.h
configure:4551: g++ -c -g -O2  conftest.cpp >&5
configure:4551: $? = 0
configure:4551: result: yes
configure:4551: checking for memory.h
configure:4551: g++ -c -g -O2  conftest.cpp >&5
configure:4551: $? = 0
configure:4551: result: yes
configure:4551: checking for strings.h
configure:4551: g++ -c -g -O2  conftest.cpp >&5
configure:4551: $? = 0
configure:4551: result: yes
configure:4551: checking for inttypes.h
configure:4551: g++ -c -g -O2  conftest.cpp >&5
configure:4551: $? = 0
configure:4551: result: yes
configure:4551: checking for stdint.h
configure:4551: g++ -c -g -O2  conftest.cpp >&5
configure:4551: $? = 0
configure:4551: result: yes
configure:4551: checking for unistd.h
configure:4551: g++ -c -g -O2  conftest.cpp >&5
configure:4551: $? = 0
configure:4551: result: yes
configure:4563: checking jack/jack.h usability
configure:4563: g++ -c -g -O2  conftest.cpp >&5
configure:4563: $? = 0
configure:4563: result: yes
configure:4563: checking jack/jack.h presence
configure:4563: g++ -E  conftest.cpp
configure:4563: $? = 0
configure:4563: result: yes
configure:4563: checking for jack/jack.h
configure:4563: result: yes
configure:4615: checking jack/midiport.h usability
configure:4615: g++ -c -g -O2  conftest.cpp >&5
configure:4615: $? = 0
configure:4615: result: yes
configure:4615: checking jack/midiport.h presence
configure:4615: g++ -E  conftest.cpp
configure:4615: $? = 0
configure:4615: result: yes
configure:4615: checking for jack/midiport.h
configure:4615: result: yes
configure:4646: checking for LASH
configure:4653: $PKG_CONFIG --exists --print-errors "lash-1.0 >= 0.5.0"
Package lash-1.0 was not found in the pkg-config search path.
Perhaps you should add the directory containing `lash-1.0.pc'
to the PKG_CONFIG_PATH environment variable
No package 'lash-1.0' found
configure:4656: $? = 1
configure:4669: $PKG_CONFIG --exists --print-errors "lash-1.0 >= 0.5.0"
Package lash-1.0 was not found in the pkg-config search path.
Perhaps you should add the directory containing `lash-1.0.pc'
to the PKG_CONFIG_PATH environment variable
No package 'lash-1.0' found
configure:4672: $? = 1
configure:4685: result: no
No package 'lash-1.0' found
configure:4722: WARNING: LASH not found, session support will not be built.
configure:4744: checking for system
configure:4744: g++ -o conftest -g -O2   conftest.cpp  >&5
configure:4744: $? = 0
configure:4744: result: yes
configure:4758: checking for stdlib.h
configure:4758: result: yes
configure:4758: checking for unistd.h
configure:4758: result: yes
configure:4770: checking for stdbool.h that conforms to C99
configure:4837: g++ -c -g -O2  conftest.cpp >&5
conftest.cpp:30:2: error: expected unqualified-id before string constant
  "error: bool is not defined"
  ^~~~~~~~~~~~~~~~~~~~~~~~~~~~
conftest.cpp:48:36: error: 's' does not name a type
  struct s { _Bool s: 1; _Bool t; } s;
                                    ^
conftest.cpp:58:16: error: 's' was not declared in this scope
  char i[sizeof s.t];
                ^
conftest.cpp: In function 'int main()':
conftest.cpp:76:12: error: 's' was not declared in this scope
  bool e = &s;
            ^
conftest.cpp:80:51: error: 'i' was not declared in this scope
  return (!a + !b + !c + !d + !e + !f + !g + !h + !i + !!j + !k + !!l
                                                   ^
configure:4837: $? = 1
configure: failed program was:
| /* confdefs.h */
| #define PACKAGE_NAME "QjackMMC"
| #define PACKAGE_TARNAME "qjackmmc"
| #define PACKAGE_VERSION "4"
| #define PACKAGE_STRING "QjackMMC 4"
| #define PACKAGE_BUGREPORT "apmontgo@users.sourceforge.net"
| #define PACKAGE_URL ""
| #define CONFIG_PREFIX "/usr/local"
| #define ICON_DIR "/usr/local/share/pixmaps"
| #define ENABLE_QJACKMMC 1
| #define STDC_HEADERS 1
| #define HAVE_SYS_TYPES_H 1
| #define HAVE_SYS_STAT_H 1
| #define HAVE_STDLIB_H 1
| #define HAVE_STRING_H 1
| #define HAVE_MEMORY_H 1
| #define HAVE_STRINGS_H 1
| #define HAVE_INTTYPES_H 1
| #define HAVE_STDINT_H 1
| #define HAVE_UNISTD_H 1
| #define JACK_MIDI_SUPPORT 1
| #define LASH_SUPPORT 0
| #define HAVE_SYSTEM 1
| #define HAVE_STDLIB_H 1
| #define HAVE_UNISTD_H 1
| /* end confdefs.h.  */
| 
| #include <stdbool.h>
| #ifndef bool
|  "error: bool is not defined"
| #endif
| #ifndef false
|  "error: false is not defined"
| #endif
| #if false
|  "error: false is not 0"
| #endif
| #ifndef true
|  "error: true is not defined"
| #endif
| #if true != 1
|  "error: true is not 1"
| #endif
| #ifndef __bool_true_false_are_defined
|  "error: __bool_true_false_are_defined is not defined"
| #endif
| 
| 	struct s { _Bool s: 1; _Bool t; } s;
| 
| 	char a[true == 1 ? 1 : -1];
| 	char b[false == 0 ? 1 : -1];
| 	char c[__bool_true_false_are_defined == 1 ? 1 : -1];
| 	char d[(bool) 0.5 == true ? 1 : -1];
| 	/* See body of main program for 'e'.  */
| 	char f[(_Bool) 0.0 == false ? 1 : -1];
| 	char g[true];
| 	char h[sizeof (_Bool)];
| 	char i[sizeof s.t];
| 	enum { j = false, k = true, l = false * true, m = true * 256 };
| 	/* The following fails for
| 	   HP aC++/ANSI C B3910B A.05.55 [Dec 04 2003]. */
| 	_Bool n[m];
| 	char o[sizeof n == m * sizeof n[0] ? 1 : -1];
| 	char p[-1 - (_Bool) 0 < 0 && -1 - (bool) 0 < 0 ? 1 : -1];
| 	/* Catch a bug in an HP-UX C compiler.  See
| 	   http://gcc.gnu.org/ml/gcc-patches/2003-12/msg02303.html
| 	   http://lists.gnu.org/archive/html/bug-coreutils/2005-11/msg00161.html
| 	 */
| 	_Bool q = true;
| 	_Bool *pq = &q;
| 
| int
| main ()
| {
| 
| 	bool e = &s;
| 	*pq |= q;
| 	*pq |= ! q;
| 	/* Refer to every declared value, to avoid compiler optimizations.  */
| 	return (!a + !b + !c + !d + !e + !f + !g + !h + !i + !!j + !k + !!l
| 		+ !m + !n + !o + !p + !q + !pq);
| 
|   ;
|   return 0;
| }
configure:4844: result: no
configure:4846: checking for _Bool
configure:4846: g++ -c -g -O2  conftest.cpp >&5
conftest.cpp: In function 'int main()':
conftest.cpp:63:13: error: '_Bool' was not declared in this scope
 if (sizeof (_Bool))
             ^~~~~
conftest.cpp:63:13: note: suggested alternative: 'bool'
 if (sizeof (_Bool))
             ^~~~~
             bool
configure:4846: $? = 1
configure: failed program was:
| /* confdefs.h */
| #define PACKAGE_NAME "QjackMMC"
| #define PACKAGE_TARNAME "qjackmmc"
| #define PACKAGE_VERSION "4"
| #define PACKAGE_STRING "QjackMMC 4"
| #define PACKAGE_BUGREPORT "apmontgo@users.sourceforge.net"
| #define PACKAGE_URL ""
| #define CONFIG_PREFIX "/usr/local"
| #define ICON_DIR "/usr/local/share/pixmaps"
| #define ENABLE_QJACKMMC 1
| #define STDC_HEADERS 1
| #define HAVE_SYS_TYPES_H 1
| #define HAVE_SYS_STAT_H 1
| #define HAVE_STDLIB_H 1
| #define HAVE_STRING_H 1
| #define HAVE_MEMORY_H 1
| #define HAVE_STRINGS_H 1
| #define HAVE_INTTYPES_H 1
| #define HAVE_STDINT_H 1
| #define HAVE_UNISTD_H 1
| #define JACK_MIDI_SUPPORT 1
| #define LASH_SUPPORT 0
| #define HAVE_SYSTEM 1
| #define HAVE_STDLIB_H 1
| #define HAVE_UNISTD_H 1
| /* end confdefs.h.  */
| #include <stdio.h>
| #ifdef HAVE_SYS_TYPES_H
| # include <sys/types.h>
| #endif
| #ifdef HAVE_SYS_STAT_H
| # include <sys/stat.h>
| #endif
| #ifdef STDC_HEADERS
| # include <stdlib.h>
| # include <stddef.h>
| #else
| # ifdef HAVE_STDLIB_H
| #  include <stdlib.h>
| # endif
| #endif
| #ifdef HAVE_STRING_H
| # if !defined STDC_HEADERS && defined HAVE_MEMORY_H
| #  include <memory.h>
| # endif
| # include <string.h>
| #endif
| #ifdef HAVE_STRINGS_H
| # include <strings.h>
| #endif
| #ifdef HAVE_INTTYPES_H
| # include <inttypes.h>
| #endif
| #ifdef HAVE_STDINT_H
| # include <stdint.h>
| #endif
| #ifdef HAVE_UNISTD_H
| # include <unistd.h>
| #endif
| int
| main ()
| {
| if (sizeof (_Bool))
| 	 return 0;
|   ;
|   return 0;
| }
configure:4846: result: no
configure:4862: checking for size_t
configure:4862: g++ -c -g -O2  conftest.cpp >&5
configure:4862: $? = 0
configure:4862: g++ -c -g -O2  conftest.cpp >&5
conftest.cpp: In function 'int main()':
conftest.cpp:63:20: error: expected primary-expression before ')' token
 if (sizeof ((size_t)))
                    ^
configure:4862: $? = 1
configure: failed program was:
| /* confdefs.h */
| #define PACKAGE_NAME "QjackMMC"
| #define PACKAGE_TARNAME "qjackmmc"
| #define PACKAGE_VERSION "4"
| #define PACKAGE_STRING "QjackMMC 4"
| #define PACKAGE_BUGREPORT "apmontgo@users.sourceforge.net"
| #define PACKAGE_URL ""
| #define CONFIG_PREFIX "/usr/local"
| #define ICON_DIR "/usr/local/share/pixmaps"
| #define ENABLE_QJACKMMC 1
| #define STDC_HEADERS 1
| #define HAVE_SYS_TYPES_H 1
| #define HAVE_SYS_STAT_H 1
| #define HAVE_STDLIB_H 1
| #define HAVE_STRING_H 1
| #define HAVE_MEMORY_H 1
| #define HAVE_STRINGS_H 1
| #define HAVE_INTTYPES_H 1
| #define HAVE_STDINT_H 1
| #define HAVE_UNISTD_H 1
| #define JACK_MIDI_SUPPORT 1
| #define LASH_SUPPORT 0
| #define HAVE_SYSTEM 1
| #define HAVE_STDLIB_H 1
| #define HAVE_UNISTD_H 1
| /* end confdefs.h.  */
| #include <stdio.h>
| #ifdef HAVE_SYS_TYPES_H
| # include <sys/types.h>
| #endif
| #ifdef HAVE_SYS_STAT_H
| # include <sys/stat.h>
| #endif
| #ifdef STDC_HEADERS
| # include <stdlib.h>
| # include <stddef.h>
| #else
| # ifdef HAVE_STDLIB_H
| #  include <stdlib.h>
| # endif
| #endif
| #ifdef HAVE_STRING_H
| # if !defined STDC_HEADERS && defined HAVE_MEMORY_H
| #  include <memory.h>
| # endif
| # include <string.h>
| #endif
| #ifdef HAVE_STRINGS_H
| # include <strings.h>
| #endif
| #ifdef HAVE_INTTYPES_H
| # include <inttypes.h>
| #endif
| #ifdef HAVE_STDINT_H
| # include <stdint.h>
| #endif
| #ifdef HAVE_UNISTD_H
| # include <unistd.h>
| #endif
| int
| main ()
| {
| if (sizeof ((size_t)))
| 	    return 0;
|   ;
|   return 0;
| }
configure:4862: result: yes
configure:4873: checking for uint32_t
configure:4873: g++ -c -g -O2  conftest.cpp >&5
configure:4873: $? = 0
configure:4873: result: yes
configure:4887: checking for uint64_t
configure:4887: g++ -c -g -O2  conftest.cpp >&5
configure:4887: $? = 0
configure:4887: result: yes
configure:4901: checking for uint8_t
configure:4901: g++ -c -g -O2  conftest.cpp >&5
configure:4901: $? = 0
configure:4901: result: yes
configure:4919: checking for working alloca.h
configure:4936: g++ -o conftest -g -O2   conftest.cpp  >&5
configure:4936: $? = 0
configure:4944: result: yes
configure:4952: checking for alloca
configure:4989: g++ -o conftest -g -O2   conftest.cpp  >&5
configure:4989: $? = 0
configure:4997: result: yes
configure:5106: checking for error_at_line
configure:5122: g++ -o conftest -g -O2   conftest.cpp  >&5
configure:5122: $? = 0
configure:5130: result: yes
configure:5143: checking for strtol
configure:5143: g++ -o conftest -g -O2   conftest.cpp  >&5
configure:5143: $? = 0
configure:5143: result: yes
configure:5269: creating ./config.status

## ---------------------- ##
## Running config.status. ##
## ---------------------- ##

This file was extended by QjackMMC config.status 4, which was
generated by GNU Autoconf 2.68.  Invocation command line was

  CONFIG_FILES    = 
  CONFIG_HEADERS  = 
  CONFIG_LINKS    = 
  CONFIG_COMMANDS = 
  $ ./config.status 

on emils-desktop

config.status:852: creating GNUmakefile
config.status:852: creating qt/qjackmmc.desktop
config.status:852: creating qt/src/src.pro
config.status:852: creating config.h
config.status:1027: config.h is unchanged

## ---------------- ##
## Cache variables. ##
## ---------------- ##

ac_cv_c_compiler_gnu=yes
ac_cv_c_uint32_t=yes
ac_cv_c_uint64_t=yes
ac_cv_c_uint8_t=yes
ac_cv_cxx_compiler_gnu=yes
ac_cv_env_CCC_set=
ac_cv_env_CCC_value=
ac_cv_env_CC_set=
ac_cv_env_CC_value=
ac_cv_env_CFLAGS_set=
ac_cv_env_CFLAGS_value=
ac_cv_env_CPPFLAGS_set=
ac_cv_env_CPPFLAGS_value=
ac_cv_env_CXXCPP_set=
ac_cv_env_CXXCPP_value=
ac_cv_env_CXXFLAGS_set=
ac_cv_env_CXXFLAGS_value=
ac_cv_env_CXX_set=
ac_cv_env_CXX_value=
ac_cv_env_LASH_CFLAGS_set=
ac_cv_env_LASH_CFLAGS_value=
ac_cv_env_LASH_LIBS_set=
ac_cv_env_LASH_LIBS_value=
ac_cv_env_LDFLAGS_set=
ac_cv_env_LDFLAGS_value=
ac_cv_env_LIBS_set=
ac_cv_env_LIBS_value=
ac_cv_env_PKG_CONFIG_LIBDIR_set=
ac_cv_env_PKG_CONFIG_LIBDIR_value=
ac_cv_env_PKG_CONFIG_PATH_set=
ac_cv_env_PKG_CONFIG_PATH_value=
ac_cv_env_PKG_CONFIG_set=
ac_cv_env_PKG_CONFIG_value=
ac_cv_env_QT_UP_TO_DATE_CFLAGS_set=
ac_cv_env_QT_UP_TO_DATE_CFLAGS_value=
ac_cv_env_QT_UP_TO_DATE_LIBS_set=
ac_cv_env_QT_UP_TO_DATE_LIBS_value=
ac_cv_env_REQUIREDPKGS_CFLAGS_set=
ac_cv_env_REQUIREDPKGS_CFLAGS_value=
ac_cv_env_REQUIREDPKGS_LIBS_set=
ac_cv_env_REQUIREDPKGS_LIBS_value=
ac_cv_env_build_alias_set=
ac_cv_env_build_alias_value=
ac_cv_env_host_alias_set=
ac_cv_env_host_alias_value=
ac_cv_env_target_alias_set=
ac_cv_env_target_alias_value=
ac_cv_func_alloca_works=yes
ac_cv_func_strtol=yes
ac_cv_func_system=yes
ac_cv_header_inttypes_h=yes
ac_cv_header_jack_jack_h=yes
ac_cv_header_jack_midiport_h=yes
ac_cv_header_memory_h=yes
ac_cv_header_stdbool_h=no
ac_cv_header_stdc=yes
ac_cv_header_stdint_h=yes
ac_cv_header_stdlib_h=yes
ac_cv_header_string_h=yes
ac_cv_header_strings_h=yes
ac_cv_header_sys_stat_h=yes
ac_cv_header_sys_types_h=yes
ac_cv_header_unistd_h=yes
ac_cv_lib_error_at_line=yes
ac_cv_objext=o
ac_cv_path_EGREP='/bin/grep -E'
ac_cv_path_GREP=/bin/grep
ac_cv_path_PKG_CONFIG=/usr/bin/pkg-config
ac_cv_path_ac_moc=/usr/share/qt4/bin/moc
ac_cv_path_ac_qmake=/usr/share/qt4/bin/qmake
ac_cv_path_ac_uic=/usr/share/qt4/bin/uic
ac_cv_path_install='/usr/bin/install -c'
ac_cv_prog_CXXCPP='g++ -E'
ac_cv_prog_ac_ct_CC=gcc
ac_cv_prog_ac_ct_CXX=g++
ac_cv_prog_cc_c89=
ac_cv_prog_cc_g=yes
ac_cv_prog_cxx_g=yes
ac_cv_prog_make_make_set=yes
ac_cv_type__Bool=no
ac_cv_type_size_t=yes
ac_cv_working_alloca_h=yes
pkg_cv_QT_UP_TO_DATE_CFLAGS='-DQT_SHARED -I/usr/include/qt4 -I/usr/include/qt4/QtCore'
pkg_cv_QT_UP_TO_DATE_LIBS=-lQtCore
pkg_cv_REQUIREDPKGS_CFLAGS=-I/usr/include/alsa
pkg_cv_REQUIREDPKGS_LIBS='-ljack -lasound'

## ----------------- ##
## Output variables. ##
## ----------------- ##

ALLOCA=''
CC='gcc'
CFLAGS='-g -O2'
CPPFLAGS=''
CXX='g++'
CXXCPP='g++ -E'
CXXFLAGS='-g -O2'
DEFS='-DHAVE_CONFIG_H'
ECHO_C=''
ECHO_N='-n'
ECHO_T=''
EGREP='/bin/grep -E'
EXEEXT=''
GREP='/bin/grep'
INSTALL_DATA='${INSTALL} -m 644'
INSTALL_PROGRAM='${INSTALL}'
INSTALL_SCRIPT='${INSTALL}'
LASH_CFLAGS=''
LASH_LIBS=''
LDFLAGS=''
LIBOBJS=''
LIBS=''
LN_S='ln -s'
LTLIBOBJS=''
OBJEXT='o'
PACKAGE_BUGREPORT='apmontgo@users.sourceforge.net'
PACKAGE_NAME='QjackMMC'
PACKAGE_STRING='QjackMMC 4'
PACKAGE_TARNAME='qjackmmc'
PACKAGE_URL=''
PACKAGE_VERSION='4'
PATH_SEPARATOR=':'
PKG_CONFIG='/usr/bin/pkg-config'
PKG_CONFIG_LIBDIR=''
PKG_CONFIG_PATH=''
QT_UP_TO_DATE_CFLAGS='-DQT_SHARED -I/usr/include/qt4 -I/usr/include/qt4/QtCore'
QT_UP_TO_DATE_LIBS='-lQtCore'
REQUIREDPKGS_CFLAGS='-I/usr/include/alsa'
REQUIREDPKGS_LIBS='-ljack -lasound'
SET_MAKE=''
SHELL='/bin/bash'
ac_cflags='-g -O2 -I/usr/include/alsa'
ac_ct_CC='gcc'
ac_ct_CXX='g++'
ac_debug='release'
ac_default_deps=' qjackmmc'
ac_default_install=' gui_install'
ac_default_uninstall=' gui_uninstall'
ac_libs='-L/usr/local/lib -L/usr/lib  -ljack -lasound -lX11'
ac_moc='/usr/share/qt4/bin/moc'
ac_pkgs='alsa jack'
ac_prefix='/usr/local'
ac_qmake='/usr/share/qt4/bin/qmake'
ac_uic='/usr/share/qt4/bin/uic'
bindir='${exec_prefix}/bin'
build_alias=''
datadir='${datarootdir}'
datarootdir='${prefix}/share'
docdir='${datarootdir}/doc/${PACKAGE_TARNAME}'
dvidir='${docdir}'
exec_prefix='${prefix}'
host_alias=''
htmldir='${docdir}'
includedir='${prefix}/include'
infodir='${datarootdir}/info'
libdir='${exec_prefix}/lib'
libexecdir='${exec_prefix}/libexec'
localedir='${datarootdir}/locale'
localstatedir='${prefix}/var'
mandir='${datarootdir}/man'
oldincludedir='/usr/include'
pdfdir='${docdir}'
prefix='/usr/local'
program_transform_name='s,x,x,'
psdir='${docdir}'
sbindir='${exec_prefix}/sbin'
sharedstatedir='${prefix}/com'
sysconfdir='${prefix}/etc'
target_alias=''

## ----------- ##
## confdefs.h. ##
## ----------- ##

/* confdefs.h */
#define PACKAGE_NAME "QjackMMC"
#define PACKAGE_TARNAME "qjackmmc"
#define PACKAGE_VERSION "4"
#define PACKAGE_STRING "QjackMMC 4"
#define PACKAGE_BUGREPORT "apmontgo@users.sourceforge.net"
#define PACKAGE_URL ""
#define CONFIG_PREFIX "/usr/local"
#define ICON_DIR "/usr/local/share/pixmaps"
#define ENABLE_QJACKMMC 1
#define STDC_HEADERS 1
#define HAVE_SYS_TYPES_H 1
#define HAVE_SYS_STAT_H 1
#define HAVE_STDLIB_H 1
#define HAVE_STRING_H 1
#define HAVE_MEMORY_H 1
#define HAVE_STRINGS_H 1
#define HAVE_INTTYPES_H 1
#define HAVE_STDINT_H 1
#define HAVE_UNISTD_H 1
#define JACK_MIDI_SUPPORT 1
#define LASH_SUPPORT 0
#define HAVE_SYSTEM 1
#define HAVE_STDLIB_H 1
#define HAVE_UNISTD_H 1
#define HAVE_ALLOCA_H 1
#define HAVE_ALLOCA 1
#define HAVE_STRTOL 1

configure: exit 0
